c:\users\n3m0\documents\visual studio 2017\projects\vulkan_studying\vulkan_studying\x64\debug\vc141.pdb
c:\users\n3m0\documents\visual studio 2017\projects\vulkan_studying\vulkan_studying\x64\debug\vc141.idb
c:\users\n3m0\documents\visual studio 2017\projects\vulkan_studying\vulkan_studying\x64\debug\baseapplication.obj
c:\users\n3m0\documents\visual studio 2017\projects\vulkan_studying\vulkan_studying\x64\debug\buffer.obj
c:\users\n3m0\documents\visual studio 2017\projects\vulkan_studying\vulkan_studying\x64\debug\camera.obj
c:\users\n3m0\documents\visual studio 2017\projects\vulkan_studying\vulkan_studying\x64\debug\cleaner.obj
c:\users\n3m0\documents\visual studio 2017\projects\vulkan_studying\vulkan_studying\x64\debug\device.obj
c:\users\n3m0\documents\visual studio 2017\projects\vulkan_studying\vulkan_studying\x64\debug\fluid.obj
c:\users\n3m0\documents\visual studio 2017\projects\vulkan_studying\vulkan_studying\x64\debug\framebuffer.obj
c:\users\n3m0\documents\visual studio 2017\projects\vulkan_studying\vulkan_studying\x64\debug\object.obj
c:\users\n3m0\documents\visual studio 2017\projects\vulkan_studying\vulkan_studying\x64\debug\swapchain.obj
c:\users\n3m0\documents\visual studio 2017\projects\vulkan_studying\vulkan_studying\x64\debug\vulkan_studying.obj
c:\users\n3m0\documents\visual studio 2017\projects\vulkan_studying\vulkan_studying\x64\debug\window.obj
c:\users\n3m0\documents\visual studio 2017\projects\vulkan_studying\x64\debug\vulkan_studying.ilk
c:\users\n3m0\documents\visual studio 2017\projects\vulkan_studying\x64\debug\vulkan_studying.exe
c:\users\n3m0\documents\visual studio 2017\projects\vulkan_studying\x64\debug\vulkan_studying.pdb
c:\users\n3m0\documents\visual studio 2017\projects\vulkan_studying\vulkan_studying\x64\debug\vulkan_studying.tlog\cl.command.1.tlog
c:\users\n3m0\documents\visual studio 2017\projects\vulkan_studying\vulkan_studying\x64\debug\vulkan_studying.tlog\cl.read.1.tlog
c:\users\n3m0\documents\visual studio 2017\projects\vulkan_studying\vulkan_studying\x64\debug\vulkan_studying.tlog\cl.write.1.tlog
c:\users\n3m0\documents\visual studio 2017\projects\vulkan_studying\vulkan_studying\x64\debug\vulkan_studying.tlog\link.command.1.tlog
c:\users\n3m0\documents\visual studio 2017\projects\vulkan_studying\vulkan_studying\x64\debug\vulkan_studying.tlog\link.read.1.tlog
c:\users\n3m0\documents\visual studio 2017\projects\vulkan_studying\vulkan_studying\x64\debug\vulkan_studying.tlog\link.write.1.tlog
